<?xml version="1.0" encoding="UTF-8"?>
<!-- Generated by org.testng.reporters.JUnitReportReporter -->
<testsuite hostname="LAPTOP-3QAHE0FI" failures="0" tests="1" name="com.hrms.scripts.TC_003" time="5.814" errors="0" timestamp="5 Aug 2022 11:47:46 GMT">
  <testcase classname="com.hrms.scripts.TC_003" name="tc_003" time="5.814"/>
</testsuite> <!-- com.hrms.scripts.TC_003 -->
