<?xml version="1.0" encoding="UTF-8"?>
<!-- Generated by org.testng.reporters.JUnitReportReporter -->
<testsuite hostname="LAPTOP-3QAHE0FI" failures="0" tests="1" name="com.hrms.scripts.TC_001" time="5.465" errors="0" timestamp="6 Aug 2022 06:46:34 GMT">
  <testcase classname="com.hrms.scripts.TC_001" name="tc_001" time="5.465"/>
</testsuite> <!-- com.hrms.scripts.TC_001 -->
